[2021-07-13 13:01:11,620] INFO Topic creation Map(connect-test-0 -> ArrayBuffer(0)) (kafka.zk.AdminZkClient)
[2021-07-13 13:01:11,634] INFO [KafkaApi-0] Auto creation of topic connect-test with 1 partitions and replication factor 1 is successful (kafka.server.KafkaApis)
[2021-07-13 13:01:11,651] INFO [GroupCoordinator 0]: Preparing to rebalance group connect-local-file-sink in state PreparingRebalance with old generation 0 (__consumer_offsets-7) (reason: Adding new member consumer-1-dbf66254-70ec-433f-b1b1-347a5d18a381) (kafka.coordinator.group.GroupCoordinator)
[2021-07-13 13:01:11,654] INFO [GroupCoordinator 0]: Stabilized group connect-local-file-sink generation 1 (__consumer_offsets-7) (kafka.coordinator.group.GroupCoordinator)
[2021-07-13 13:01:11,664] INFO [ReplicaFetcherManager on broker 0] Removed fetcher for partitions Set(connect-test-0) (kafka.server.ReplicaFetcherManager)
[2021-07-13 13:01:11,667] INFO [Log partition=connect-test-0, dir=/tmp/kafka-logs] Loading producer state till offset 0 with message format version 2 (kafka.log.Log)
[2021-07-13 13:01:11,667] INFO [Log partition=connect-test-0, dir=/tmp/kafka-logs] Completed load of log with 1 segments, log start offset 0 and log end offset 0 in 1 ms (kafka.log.Log)
[2021-07-13 13:01:11,668] INFO Created log for partition connect-test-0 in /tmp/kafka-logs with properties {compression.type -> producer, message.format.version -> 2.1-IV2, file.delete.delay.ms -> 60000, max.message.bytes -> 1000012, min.compaction.lag.ms -> 0, message.timestamp.type -> CreateTime, min.insync.replicas -> 1, message.downconversion.enable -> true, segment.jitter.ms -> 0, preallocate -> false, index.interval.bytes -> 4096, min.cleanable.dirty.ratio -> 0.5, unclean.leader.election.enable -> false, retention.bytes -> -1, delete.retention.ms -> 86400000, cleanup.policy -> [delete], flush.ms -> 9223372036854775807, segment.bytes -> 1073741824, segment.ms -> 604800000, retention.ms -> 604800000, message.timestamp.difference.max.ms -> 9223372036854775807, segment.index.bytes -> 10485760, flush.messages -> 9223372036854775807}. (kafka.log.LogManager)
[2021-07-13 13:01:11,669] INFO [Partition connect-test-0 broker=0] No checkpointed highwatermark is found for partition connect-test-0 (kafka.cluster.Partition)
[2021-07-13 13:01:11,669] INFO Replica loaded for partition connect-test-0 with initial high watermark 0 (kafka.cluster.Replica)
[2021-07-13 13:01:11,669] INFO [Partition connect-test-0 broker=0] connect-test-0 starts at Leader Epoch 0 from offset 0. Previous Leader Epoch was: -1 (kafka.cluster.Partition)
[2021-07-13 13:01:11,747] INFO [GroupCoordinator 0]: Assignment received from leader for group connect-local-file-sink for generation 1 (kafka.coordinator.group.GroupCoordinator)
[2021-07-13 13:01:30,133] INFO [GroupCoordinator 0]: Preparing to rebalance group console-consumer-45216 in state PreparingRebalance with old generation 1 (__consumer_offsets-39) (reason: removing member consumer-1-a40d8491-934e-4d9c-a421-ba64927bce0a on LeaveGroup) (kafka.coordinator.group.GroupCoordinator)
[2021-07-13 13:01:30,135] INFO [GroupCoordinator 0]: Group console-consumer-45216 with generation 2 is now empty (__consumer_offsets-39) (kafka.coordinator.group.GroupCoordinator)
[2021-07-13 13:03:21,184] INFO [GroupCoordinator 0]: Preparing to rebalance group console-consumer-81278 in state PreparingRebalance with old generation 0 (__consumer_offsets-47) (reason: Adding new member consumer-1-91470377-2815-446c-bb29-b11c60d5027b) (kafka.coordinator.group.GroupCoordinator)
[2021-07-13 13:03:21,186] INFO [GroupCoordinator 0]: Stabilized group console-consumer-81278 generation 1 (__consumer_offsets-47) (kafka.coordinator.group.GroupCoordinator)
[2021-07-13 13:03:21,189] INFO [GroupCoordinator 0]: Assignment received from leader for group console-consumer-81278 for generation 1 (kafka.coordinator.group.GroupCoordinator)
[2021-07-13 13:03:24,610] INFO [GroupCoordinator 0]: Preparing to rebalance group console-consumer-81278 in state PreparingRebalance with old generation 1 (__consumer_offsets-47) (reason: removing member consumer-1-91470377-2815-446c-bb29-b11c60d5027b on LeaveGroup) (kafka.coordinator.group.GroupCoordinator)
[2021-07-13 13:03:24,611] INFO [GroupCoordinator 0]: Group console-consumer-81278 with generation 2 is now empty (__consumer_offsets-47) (kafka.coordinator.group.GroupCoordinator)
[2021-07-13 13:07:59,635] INFO [GroupMetadataManager brokerId=0] Group console-consumer-45216 transitioned to Dead in generation 2 (kafka.coordinator.group.GroupMetadataManager)
[2021-07-13 13:07:59,638] INFO [GroupMetadataManager brokerId=0] Group console-consumer-81278 transitioned to Dead in generation 2 (kafka.coordinator.group.GroupMetadataManager)
[2021-07-13 13:07:59,639] INFO [GroupMetadataManager brokerId=0] Removed 0 expired offsets in 6 milliseconds. (kafka.coordinator.group.GroupMetadataManager)
[2021-07-13 13:11:17,245] INFO [ReplicaFetcherManager on broker 0] Removed fetcher for partitions Set(streams-plaintext-input-0) (kafka.server.ReplicaFetcherManager)
[2021-07-13 13:11:17,248] INFO [Log partition=streams-plaintext-input-0, dir=/tmp/kafka-logs] Loading producer state till offset 0 with message format version 2 (kafka.log.Log)
[2021-07-13 13:11:17,248] INFO [Log partition=streams-plaintext-input-0, dir=/tmp/kafka-logs] Completed load of log with 1 segments, log start offset 0 and log end offset 0 in 1 ms (kafka.log.Log)
[2021-07-13 13:11:17,249] INFO Created log for partition streams-plaintext-input-0 in /tmp/kafka-logs with properties {compression.type -> producer, message.format.version -> 2.1-IV2, file.delete.delay.ms -> 60000, max.message.bytes -> 1000012, min.compaction.lag.ms -> 0, message.timestamp.type -> CreateTime, min.insync.replicas -> 1, message.downconversion.enable -> true, segment.jitter.ms -> 0, preallocate -> false, index.interval.bytes -> 4096, min.cleanable.dirty.ratio -> 0.5, unclean.leader.election.enable -> false, retention.bytes -> -1, delete.retention.ms -> 86400000, cleanup.policy -> [delete], flush.ms -> 9223372036854775807, segment.bytes -> 1073741824, segment.ms -> 604800000, retention.ms -> 604800000, message.timestamp.difference.max.ms -> 9223372036854775807, segment.index.bytes -> 10485760, flush.messages -> 9223372036854775807}. (kafka.log.LogManager)
[2021-07-13 13:11:17,249] INFO [Partition streams-plaintext-input-0 broker=0] No checkpointed highwatermark is found for partition streams-plaintext-input-0 (kafka.cluster.Partition)
[2021-07-13 13:11:17,249] INFO Replica loaded for partition streams-plaintext-input-0 with initial high watermark 0 (kafka.cluster.Replica)
[2021-07-13 13:11:17,250] INFO [Partition streams-plaintext-input-0 broker=0] streams-plaintext-input-0 starts at Leader Epoch 0 from offset 0. Previous Leader Epoch was: -1 (kafka.cluster.Partition)
[2021-07-13 13:11:24,228] INFO [ReplicaFetcherManager on broker 0] Removed fetcher for partitions Set(streams-wordcount-output-0) (kafka.server.ReplicaFetcherManager)
[2021-07-13 13:11:24,231] INFO [Log partition=streams-wordcount-output-0, dir=/tmp/kafka-logs] Loading producer state till offset 0 with message format version 2 (kafka.log.Log)
[2021-07-13 13:11:24,232] INFO [Log partition=streams-wordcount-output-0, dir=/tmp/kafka-logs] Completed load of log with 1 segments, log start offset 0 and log end offset 0 in 1 ms (kafka.log.Log)
[2021-07-13 13:11:24,232] INFO Created log for partition streams-wordcount-output-0 in /tmp/kafka-logs with properties {compression.type -> producer, message.format.version -> 2.1-IV2, file.delete.delay.ms -> 60000, max.message.bytes -> 1000012, min.compaction.lag.ms -> 0, message.timestamp.type -> CreateTime, min.insync.replicas -> 1, message.downconversion.enable -> true, segment.jitter.ms -> 0, preallocate -> false, index.interval.bytes -> 4096, min.cleanable.dirty.ratio -> 0.5, unclean.leader.election.enable -> false, retention.bytes -> -1, delete.retention.ms -> 86400000, cleanup.policy -> compact, flush.ms -> 9223372036854775807, segment.bytes -> 1073741824, segment.ms -> 604800000, retention.ms -> 604800000, message.timestamp.difference.max.ms -> 9223372036854775807, segment.index.bytes -> 10485760, flush.messages -> 9223372036854775807}. (kafka.log.LogManager)
[2021-07-13 13:11:24,233] INFO [Partition streams-wordcount-output-0 broker=0] No checkpointed highwatermark is found for partition streams-wordcount-output-0 (kafka.cluster.Partition)
[2021-07-13 13:11:24,233] INFO Replica loaded for partition streams-wordcount-output-0 with initial high watermark 0 (kafka.cluster.Replica)
[2021-07-13 13:11:24,234] INFO [Partition streams-wordcount-output-0 broker=0] streams-wordcount-output-0 starts at Leader Epoch 0 from offset 0. Previous Leader Epoch was: -1 (kafka.cluster.Partition)
[2021-07-13 13:11:56,788] INFO [GroupCoordinator 0]: Preparing to rebalance group streams-wordcount in state PreparingRebalance with old generation 0 (__consumer_offsets-35) (reason: Adding new member streams-wordcount-6336dd57-853d-428f-9be9-4a71eb330207-StreamThread-1-consumer-8aad9065-5ec9-4ed5-bc4d-2635e6952368) (kafka.coordinator.group.GroupCoordinator)
[2021-07-13 13:11:56,789] INFO [GroupCoordinator 0]: Stabilized group streams-wordcount generation 1 (__consumer_offsets-35) (kafka.coordinator.group.GroupCoordinator)
[2021-07-13 13:11:56,819] INFO Topic creation Map(streams-wordcount-KSTREAM-AGGREGATE-STATE-STORE-0000000003-repartition-0 -> ArrayBuffer(0)) (kafka.zk.AdminZkClient)
[2021-07-13 13:11:56,851] INFO [ReplicaFetcherManager on broker 0] Removed fetcher for partitions Set(streams-wordcount-KSTREAM-AGGREGATE-STATE-STORE-0000000003-repartition-0) (kafka.server.ReplicaFetcherManager)
[2021-07-13 13:11:56,854] INFO [Log partition=streams-wordcount-KSTREAM-AGGREGATE-STATE-STORE-0000000003-repartition-0, dir=/tmp/kafka-logs] Loading producer state till offset 0 with message format version 2 (kafka.log.Log)
[2021-07-13 13:11:56,854] INFO [Log partition=streams-wordcount-KSTREAM-AGGREGATE-STATE-STORE-0000000003-repartition-0, dir=/tmp/kafka-logs] Completed load of log with 1 segments, log start offset 0 and log end offset 0 in 1 ms (kafka.log.Log)
[2021-07-13 13:11:56,855] INFO Created log for partition streams-wordcount-KSTREAM-AGGREGATE-STATE-STORE-0000000003-repartition-0 in /tmp/kafka-logs with properties {compression.type -> producer, message.format.version -> 2.1-IV2, file.delete.delay.ms -> 60000, max.message.bytes -> 1000012, min.compaction.lag.ms -> 0, message.timestamp.type -> CreateTime, min.insync.replicas -> 1, message.downconversion.enable -> true, segment.jitter.ms -> 0, preallocate -> false, index.interval.bytes -> 4096, min.cleanable.dirty.ratio -> 0.5, unclean.leader.election.enable -> false, retention.bytes -> -1, delete.retention.ms -> 86400000, cleanup.policy -> delete, flush.ms -> 9223372036854775807, segment.bytes -> 52428800, segment.ms -> 600000, retention.ms -> 9223372036854775807, message.timestamp.difference.max.ms -> 9223372036854775807, segment.index.bytes -> 52428800, flush.messages -> 9223372036854775807}. (kafka.log.LogManager)
[2021-07-13 13:11:56,856] INFO [Partition streams-wordcount-KSTREAM-AGGREGATE-STATE-STORE-0000000003-repartition-0 broker=0] No checkpointed highwatermark is found for partition streams-wordcount-KSTREAM-AGGREGATE-STATE-STORE-0000000003-repartition-0 (kafka.cluster.Partition)
[2021-07-13 13:11:56,856] INFO Replica loaded for partition streams-wordcount-KSTREAM-AGGREGATE-STATE-STORE-0000000003-repartition-0 with initial high watermark 0 (kafka.cluster.Replica)
[2021-07-13 13:11:56,856] INFO [Partition streams-wordcount-KSTREAM-AGGREGATE-STATE-STORE-0000000003-repartition-0 broker=0] streams-wordcount-KSTREAM-AGGREGATE-STATE-STORE-0000000003-repartition-0 starts at Leader Epoch 0 from offset 0. Previous Leader Epoch was: -1 (kafka.cluster.Partition)
[2021-07-13 13:11:56,884] INFO Topic creation Map(streams-wordcount-KSTREAM-AGGREGATE-STATE-STORE-0000000003-changelog-0 -> ArrayBuffer(0)) (kafka.zk.AdminZkClient)
[2021-07-13 13:11:56,915] INFO [ReplicaFetcherManager on broker 0] Removed fetcher for partitions Set(streams-wordcount-KSTREAM-AGGREGATE-STATE-STORE-0000000003-changelog-0) (kafka.server.ReplicaFetcherManager)
[2021-07-13 13:11:56,917] INFO [Log partition=streams-wordcount-KSTREAM-AGGREGATE-STATE-STORE-0000000003-changelog-0, dir=/tmp/kafka-logs] Loading producer state till offset 0 with message format version 2 (kafka.log.Log)
[2021-07-13 13:11:56,918] INFO [Log partition=streams-wordcount-KSTREAM-AGGREGATE-STATE-STORE-0000000003-changelog-0, dir=/tmp/kafka-logs] Completed load of log with 1 segments, log start offset 0 and log end offset 0 in 1 ms (kafka.log.Log)
[2021-07-13 13:11:56,918] INFO Created log for partition streams-wordcount-KSTREAM-AGGREGATE-STATE-STORE-0000000003-changelog-0 in /tmp/kafka-logs with properties {compression.type -> producer, message.format.version -> 2.1-IV2, file.delete.delay.ms -> 60000, max.message.bytes -> 1000012, min.compaction.lag.ms -> 0, message.timestamp.type -> CreateTime, min.insync.replicas -> 1, message.downconversion.enable -> true, segment.jitter.ms -> 0, preallocate -> false, index.interval.bytes -> 4096, min.cleanable.dirty.ratio -> 0.5, unclean.leader.election.enable -> false, retention.bytes -> -1, delete.retention.ms -> 86400000, cleanup.policy -> compact, flush.ms -> 9223372036854775807, segment.bytes -> 1073741824, segment.ms -> 604800000, retention.ms -> 604800000, message.timestamp.difference.max.ms -> 9223372036854775807, segment.index.bytes -> 10485760, flush.messages -> 9223372036854775807}. (kafka.log.LogManager)
[2021-07-13 13:11:56,919] INFO [Partition streams-wordcount-KSTREAM-AGGREGATE-STATE-STORE-0000000003-changelog-0 broker=0] No checkpointed highwatermark is found for partition streams-wordcount-KSTREAM-AGGREGATE-STATE-STORE-0000000003-changelog-0 (kafka.cluster.Partition)
[2021-07-13 13:11:56,919] INFO Replica loaded for partition streams-wordcount-KSTREAM-AGGREGATE-STATE-STORE-0000000003-changelog-0 with initial high watermark 0 (kafka.cluster.Replica)
[2021-07-13 13:11:56,919] INFO [Partition streams-wordcount-KSTREAM-AGGREGATE-STATE-STORE-0000000003-changelog-0 broker=0] streams-wordcount-KSTREAM-AGGREGATE-STATE-STORE-0000000003-changelog-0 starts at Leader Epoch 0 from offset 0. Previous Leader Epoch was: -1 (kafka.cluster.Partition)
[2021-07-13 13:11:56,930] INFO [GroupCoordinator 0]: Assignment received from leader for group streams-wordcount for generation 1 (kafka.coordinator.group.GroupCoordinator)
[2021-07-13 13:12:33,263] INFO [GroupCoordinator 0]: Preparing to rebalance group console-consumer-67632 in state PreparingRebalance with old generation 0 (__consumer_offsets-15) (reason: Adding new member consumer-1-bf25c1de-a024-42cd-a667-4bbcb9c66296) (kafka.coordinator.group.GroupCoordinator)
[2021-07-13 13:12:33,264] INFO [GroupCoordinator 0]: Stabilized group console-consumer-67632 generation 1 (__consumer_offsets-15) (kafka.coordinator.group.GroupCoordinator)
[2021-07-13 13:12:33,268] INFO [GroupCoordinator 0]: Assignment received from leader for group console-consumer-67632 for generation 1 (kafka.coordinator.group.GroupCoordinator)
[2021-07-13 13:14:57,331] INFO [Log partition=streams-wordcount-KSTREAM-AGGREGATE-STATE-STORE-0000000003-repartition-0, dir=/tmp/kafka-logs] Incrementing log start offset to 1 (kafka.log.Log)
[2021-07-13 13:15:27,410] INFO [Log partition=streams-wordcount-KSTREAM-AGGREGATE-STATE-STORE-0000000003-repartition-0, dir=/tmp/kafka-logs] Incrementing log start offset to 7 (kafka.log.Log)
[2021-07-13 13:15:57,473] INFO [GroupCoordinator 0]: Preparing to rebalance group console-consumer-67632 in state PreparingRebalance with old generation 1 (__consumer_offsets-15) (reason: removing member consumer-1-bf25c1de-a024-42cd-a667-4bbcb9c66296 on LeaveGroup) (kafka.coordinator.group.GroupCoordinator)
[2021-07-13 13:15:57,473] INFO [GroupCoordinator 0]: Group console-consumer-67632 with generation 2 is now empty (__consumer_offsets-15) (kafka.coordinator.group.GroupCoordinator)
[2021-07-13 13:16:37,605] INFO [GroupCoordinator 0]: Preparing to rebalance group console-consumer-55145 in state PreparingRebalance with old generation 0 (__consumer_offsets-41) (reason: Adding new member consumer-1-4d90ce7c-30b9-477f-a1ce-a181e74e9d1e) (kafka.coordinator.group.GroupCoordinator)
[2021-07-13 13:16:37,605] INFO [GroupCoordinator 0]: Stabilized group console-consumer-55145 generation 1 (__consumer_offsets-41) (kafka.coordinator.group.GroupCoordinator)
[2021-07-13 13:16:37,608] INFO [GroupCoordinator 0]: Assignment received from leader for group console-consumer-55145 for generation 1 (kafka.coordinator.group.GroupCoordinator)
[2021-07-13 13:17:05,783] INFO [GroupCoordinator 0]: Preparing to rebalance group console-consumer-55145 in state PreparingRebalance with old generation 1 (__consumer_offsets-41) (reason: removing member consumer-1-4d90ce7c-30b9-477f-a1ce-a181e74e9d1e on LeaveGroup) (kafka.coordinator.group.GroupCoordinator)
[2021-07-13 13:17:05,784] INFO [GroupCoordinator 0]: Group console-consumer-55145 with generation 2 is now empty (__consumer_offsets-41) (kafka.coordinator.group.GroupCoordinator)
[2021-07-13 13:17:22,008] INFO [GroupCoordinator 0]: Member streams-wordcount-6336dd57-853d-428f-9be9-4a71eb330207-StreamThread-1-consumer-8aad9065-5ec9-4ed5-bc4d-2635e6952368 in group streams-wordcount has failed, removing it from the group (kafka.coordinator.group.GroupCoordinator)
[2021-07-13 13:17:22,008] INFO [GroupCoordinator 0]: Preparing to rebalance group streams-wordcount in state PreparingRebalance with old generation 1 (__consumer_offsets-35) (reason: removing member streams-wordcount-6336dd57-853d-428f-9be9-4a71eb330207-StreamThread-1-consumer-8aad9065-5ec9-4ed5-bc4d-2635e6952368 on heartbeat expiration) (kafka.coordinator.group.GroupCoordinator)
[2021-07-13 13:17:22,008] INFO [GroupCoordinator 0]: Group streams-wordcount with generation 2 is now empty (__consumer_offsets-35) (kafka.coordinator.group.GroupCoordinator)
[2021-07-13 13:17:59,614] INFO [GroupMetadataManager brokerId=0] Group console-consumer-67632 transitioned to Dead in generation 2 (kafka.coordinator.group.GroupMetadataManager)
[2021-07-13 13:17:59,616] INFO [GroupMetadataManager brokerId=0] Group console-consumer-55145 transitioned to Dead in generation 2 (kafka.coordinator.group.GroupMetadataManager)
[2021-07-13 13:17:59,617] INFO [GroupMetadataManager brokerId=0] Removed 0 expired offsets in 3 milliseconds. (kafka.coordinator.group.GroupMetadataManager)
[2021-07-13 13:19:19,645] INFO [GroupCoordinator 0]: Removed 0 offsets associated with deleted partitions: test-0. (kafka.coordinator.group.GroupCoordinator)
[2021-07-13 13:19:19,661] INFO [ReplicaFetcherManager on broker 0] Removed fetcher for partitions Set() (kafka.server.ReplicaFetcherManager)
[2021-07-13 13:19:19,661] INFO [ReplicaAlterLogDirsManager on broker 0] Removed fetcher for partitions Set() (kafka.server.ReplicaAlterLogDirsManager)
[2021-07-13 13:19:19,663] INFO [ReplicaFetcherManager on broker 0] Removed fetcher for partitions Set(test-0) (kafka.server.ReplicaFetcherManager)
[2021-07-13 13:19:19,664] INFO [ReplicaAlterLogDirsManager on broker 0] Removed fetcher for partitions Set(test-0) (kafka.server.ReplicaAlterLogDirsManager)
[2021-07-13 13:19:19,665] INFO [ReplicaFetcherManager on broker 0] Removed fetcher for partitions Set() (kafka.server.ReplicaFetcherManager)
[2021-07-13 13:19:19,665] INFO [ReplicaAlterLogDirsManager on broker 0] Removed fetcher for partitions Set() (kafka.server.ReplicaAlterLogDirsManager)
[2021-07-13 13:19:19,666] INFO [ReplicaFetcherManager on broker 0] Removed fetcher for partitions Set(test-0) (kafka.server.ReplicaFetcherManager)
[2021-07-13 13:19:19,666] INFO [ReplicaAlterLogDirsManager on broker 0] Removed fetcher for partitions Set(test-0) (kafka.server.ReplicaAlterLogDirsManager)
[2021-07-13 13:19:19,680] INFO Log for partition test-0 is renamed to /tmp/kafka-logs/test-0.63b7ee6bbf2541e2be116da02ea84cbe-delete and is scheduled for deletion (kafka.log.LogManager)
[2021-07-13 13:20:19,689] INFO Deleted log /tmp/kafka-logs/test-0.63b7ee6bbf2541e2be116da02ea84cbe-delete/00000000000000000000.log. (kafka.log.LogSegment)
[2021-07-13 13:20:19,694] INFO Deleted offset index /tmp/kafka-logs/test-0.63b7ee6bbf2541e2be116da02ea84cbe-delete/00000000000000000000.index. (kafka.log.LogSegment)
[2021-07-13 13:20:19,694] INFO Deleted time index /tmp/kafka-logs/test-0.63b7ee6bbf2541e2be116da02ea84cbe-delete/00000000000000000000.timeindex. (kafka.log.LogSegment)
[2021-07-13 13:20:19,705] INFO Deleted log for partition test-0 in /tmp/kafka-logs/test-0.63b7ee6bbf2541e2be116da02ea84cbe-delete. (kafka.log.LogManager)
[2021-07-13 13:27:59,598] INFO [GroupMetadataManager brokerId=0] Removed 0 expired offsets in 0 milliseconds. (kafka.coordinator.group.GroupMetadataManager)
