[2021-07-13 13:01:11,637] TRACE [Controller id=0 epoch=2] Changed partition connect-test-0 state from NonExistentPartition to NewPartition with assigned replicas 0 (state.change.logger)
[2021-07-13 13:01:11,639] TRACE [Controller id=0 epoch=2] Changed state of replica 0 for partition connect-test-0 from NonExistentReplica to NewReplica (state.change.logger)
[2021-07-13 13:01:11,659] TRACE [Controller id=0 epoch=2] Changed partition connect-test-0 from NewPartition to OnlinePartition with state LeaderAndIsr(leader=0, leaderEpoch=0, isr=List(0), zkVersion=0) (state.change.logger)
[2021-07-13 13:01:11,660] TRACE [Controller id=0 epoch=2] Sending become-leader LeaderAndIsr request PartitionState(controllerEpoch=2, leader=0, leaderEpoch=0, isr=0, zkVersion=0, replicas=0, isNew=true) to broker 0 for partition connect-test-0 (state.change.logger)
[2021-07-13 13:01:11,660] TRACE [Controller id=0 epoch=2] Sending UpdateMetadata request PartitionState(controllerEpoch=2, leader=0, leaderEpoch=0, isr=[0], zkVersion=0, replicas=[0], offlineReplicas=[]) to brokers Set(0) for partition connect-test-0 (state.change.logger)
[2021-07-13 13:01:11,660] TRACE [Controller id=0 epoch=2] Changed state of replica 0 for partition connect-test-0 from NewReplica to OnlineReplica (state.change.logger)
[2021-07-13 13:01:11,663] TRACE [Broker id=0] Received LeaderAndIsr request PartitionState(controllerEpoch=2, leader=0, leaderEpoch=0, isr=0, zkVersion=0, replicas=0, isNew=true) correlation id 5 from controller 0 epoch 2 for partition connect-test-0 (state.change.logger)
[2021-07-13 13:01:11,664] TRACE [Broker id=0] Handling LeaderAndIsr request correlationId 5 from controller 0 epoch 2 starting the become-leader transition for partition connect-test-0 (state.change.logger)
[2021-07-13 13:01:11,670] TRACE [Broker id=0] Stopped fetchers as part of become-leader request from controller 0 epoch 2 with correlation id 5 for partition connect-test-0 (last update controller epoch 2) (state.change.logger)
[2021-07-13 13:01:11,670] TRACE [Broker id=0] Completed LeaderAndIsr request correlationId 5 from controller 0 epoch 2 for the become-leader transition for partition connect-test-0 (state.change.logger)
[2021-07-13 13:01:11,670] TRACE [Controller id=0 epoch=2] Received response {error_code=0,partitions=[{topic=connect-test,partition=0,error_code=0}]} for request LEADER_AND_ISR with correlation id 5 sent to broker 192.168.178.32:9092 (id: 0 rack: null) (state.change.logger)
[2021-07-13 13:01:11,671] TRACE [Broker id=0] Cached leader info PartitionState(controllerEpoch=2, leader=0, leaderEpoch=0, isr=[0], zkVersion=0, replicas=[0], offlineReplicas=[]) for partition connect-test-0 in response to UpdateMetadata request sent by controller 0 epoch 2 with correlation id 6 (state.change.logger)
[2021-07-13 13:01:11,671] TRACE [Controller id=0 epoch=2] Received response {error_code=0} for request UPDATE_METADATA with correlation id 6 sent to broker 192.168.178.32:9092 (id: 0 rack: null) (state.change.logger)
[2021-07-13 13:11:17,220] TRACE [Controller id=0 epoch=2] Changed partition streams-plaintext-input-0 state from NonExistentPartition to NewPartition with assigned replicas 0 (state.change.logger)
[2021-07-13 13:11:17,220] TRACE [Controller id=0 epoch=2] Changed state of replica 0 for partition streams-plaintext-input-0 from NonExistentReplica to NewReplica (state.change.logger)
[2021-07-13 13:11:17,243] TRACE [Controller id=0 epoch=2] Changed partition streams-plaintext-input-0 from NewPartition to OnlinePartition with state LeaderAndIsr(leader=0, leaderEpoch=0, isr=List(0), zkVersion=0) (state.change.logger)
[2021-07-13 13:11:17,243] TRACE [Controller id=0 epoch=2] Sending become-leader LeaderAndIsr request PartitionState(controllerEpoch=2, leader=0, leaderEpoch=0, isr=0, zkVersion=0, replicas=0, isNew=true) to broker 0 for partition streams-plaintext-input-0 (state.change.logger)
[2021-07-13 13:11:17,243] TRACE [Controller id=0 epoch=2] Sending UpdateMetadata request PartitionState(controllerEpoch=2, leader=0, leaderEpoch=0, isr=[0], zkVersion=0, replicas=[0], offlineReplicas=[]) to brokers Set(0) for partition streams-plaintext-input-0 (state.change.logger)
[2021-07-13 13:11:17,244] TRACE [Controller id=0 epoch=2] Changed state of replica 0 for partition streams-plaintext-input-0 from NewReplica to OnlineReplica (state.change.logger)
[2021-07-13 13:11:17,245] TRACE [Broker id=0] Received LeaderAndIsr request PartitionState(controllerEpoch=2, leader=0, leaderEpoch=0, isr=0, zkVersion=0, replicas=0, isNew=true) correlation id 7 from controller 0 epoch 2 for partition streams-plaintext-input-0 (state.change.logger)
[2021-07-13 13:11:17,245] TRACE [Broker id=0] Handling LeaderAndIsr request correlationId 7 from controller 0 epoch 2 starting the become-leader transition for partition streams-plaintext-input-0 (state.change.logger)
[2021-07-13 13:11:17,250] TRACE [Broker id=0] Stopped fetchers as part of become-leader request from controller 0 epoch 2 with correlation id 7 for partition streams-plaintext-input-0 (last update controller epoch 2) (state.change.logger)
[2021-07-13 13:11:17,250] TRACE [Broker id=0] Completed LeaderAndIsr request correlationId 7 from controller 0 epoch 2 for the become-leader transition for partition streams-plaintext-input-0 (state.change.logger)
[2021-07-13 13:11:17,251] TRACE [Controller id=0 epoch=2] Received response {error_code=0,partitions=[{topic=streams-plaintext-input,partition=0,error_code=0}]} for request LEADER_AND_ISR with correlation id 7 sent to broker 192.168.178.32:9092 (id: 0 rack: null) (state.change.logger)
[2021-07-13 13:11:17,251] TRACE [Broker id=0] Cached leader info PartitionState(controllerEpoch=2, leader=0, leaderEpoch=0, isr=[0], zkVersion=0, replicas=[0], offlineReplicas=[]) for partition streams-plaintext-input-0 in response to UpdateMetadata request sent by controller 0 epoch 2 with correlation id 8 (state.change.logger)
[2021-07-13 13:11:17,251] TRACE [Controller id=0 epoch=2] Received response {error_code=0} for request UPDATE_METADATA with correlation id 8 sent to broker 192.168.178.32:9092 (id: 0 rack: null) (state.change.logger)
[2021-07-13 13:11:24,207] TRACE [Controller id=0 epoch=2] Changed partition streams-wordcount-output-0 state from NonExistentPartition to NewPartition with assigned replicas 0 (state.change.logger)
[2021-07-13 13:11:24,207] TRACE [Controller id=0 epoch=2] Changed state of replica 0 for partition streams-wordcount-output-0 from NonExistentReplica to NewReplica (state.change.logger)
[2021-07-13 13:11:24,225] TRACE [Controller id=0 epoch=2] Changed partition streams-wordcount-output-0 from NewPartition to OnlinePartition with state LeaderAndIsr(leader=0, leaderEpoch=0, isr=List(0), zkVersion=0) (state.change.logger)
[2021-07-13 13:11:24,227] TRACE [Controller id=0 epoch=2] Sending become-leader LeaderAndIsr request PartitionState(controllerEpoch=2, leader=0, leaderEpoch=0, isr=0, zkVersion=0, replicas=0, isNew=true) to broker 0 for partition streams-wordcount-output-0 (state.change.logger)
[2021-07-13 13:11:24,227] TRACE [Controller id=0 epoch=2] Sending UpdateMetadata request PartitionState(controllerEpoch=2, leader=0, leaderEpoch=0, isr=[0], zkVersion=0, replicas=[0], offlineReplicas=[]) to brokers Set(0) for partition streams-wordcount-output-0 (state.change.logger)
[2021-07-13 13:11:24,227] TRACE [Controller id=0 epoch=2] Changed state of replica 0 for partition streams-wordcount-output-0 from NewReplica to OnlineReplica (state.change.logger)
[2021-07-13 13:11:24,227] TRACE [Broker id=0] Received LeaderAndIsr request PartitionState(controllerEpoch=2, leader=0, leaderEpoch=0, isr=0, zkVersion=0, replicas=0, isNew=true) correlation id 9 from controller 0 epoch 2 for partition streams-wordcount-output-0 (state.change.logger)
[2021-07-13 13:11:24,228] TRACE [Broker id=0] Handling LeaderAndIsr request correlationId 9 from controller 0 epoch 2 starting the become-leader transition for partition streams-wordcount-output-0 (state.change.logger)
[2021-07-13 13:11:24,235] TRACE [Broker id=0] Stopped fetchers as part of become-leader request from controller 0 epoch 2 with correlation id 9 for partition streams-wordcount-output-0 (last update controller epoch 2) (state.change.logger)
[2021-07-13 13:11:24,235] TRACE [Broker id=0] Completed LeaderAndIsr request correlationId 9 from controller 0 epoch 2 for the become-leader transition for partition streams-wordcount-output-0 (state.change.logger)
[2021-07-13 13:11:24,235] TRACE [Controller id=0 epoch=2] Received response {error_code=0,partitions=[{topic=streams-wordcount-output,partition=0,error_code=0}]} for request LEADER_AND_ISR with correlation id 9 sent to broker 192.168.178.32:9092 (id: 0 rack: null) (state.change.logger)
[2021-07-13 13:11:24,235] TRACE [Broker id=0] Cached leader info PartitionState(controllerEpoch=2, leader=0, leaderEpoch=0, isr=[0], zkVersion=0, replicas=[0], offlineReplicas=[]) for partition streams-wordcount-output-0 in response to UpdateMetadata request sent by controller 0 epoch 2 with correlation id 10 (state.change.logger)
[2021-07-13 13:11:24,236] TRACE [Controller id=0 epoch=2] Received response {error_code=0} for request UPDATE_METADATA with correlation id 10 sent to broker 192.168.178.32:9092 (id: 0 rack: null) (state.change.logger)
[2021-07-13 13:11:56,827] TRACE [Controller id=0 epoch=2] Changed partition streams-wordcount-KSTREAM-AGGREGATE-STATE-STORE-0000000003-repartition-0 state from NonExistentPartition to NewPartition with assigned replicas 0 (state.change.logger)
[2021-07-13 13:11:56,827] TRACE [Controller id=0 epoch=2] Changed state of replica 0 for partition streams-wordcount-KSTREAM-AGGREGATE-STATE-STORE-0000000003-repartition-0 from NonExistentReplica to NewReplica (state.change.logger)
[2021-07-13 13:11:56,848] TRACE [Controller id=0 epoch=2] Changed partition streams-wordcount-KSTREAM-AGGREGATE-STATE-STORE-0000000003-repartition-0 from NewPartition to OnlinePartition with state LeaderAndIsr(leader=0, leaderEpoch=0, isr=List(0), zkVersion=0) (state.change.logger)
[2021-07-13 13:11:56,849] TRACE [Controller id=0 epoch=2] Sending become-leader LeaderAndIsr request PartitionState(controllerEpoch=2, leader=0, leaderEpoch=0, isr=0, zkVersion=0, replicas=0, isNew=true) to broker 0 for partition streams-wordcount-KSTREAM-AGGREGATE-STATE-STORE-0000000003-repartition-0 (state.change.logger)
[2021-07-13 13:11:56,850] TRACE [Controller id=0 epoch=2] Sending UpdateMetadata request PartitionState(controllerEpoch=2, leader=0, leaderEpoch=0, isr=[0], zkVersion=0, replicas=[0], offlineReplicas=[]) to brokers Set(0) for partition streams-wordcount-KSTREAM-AGGREGATE-STATE-STORE-0000000003-repartition-0 (state.change.logger)
[2021-07-13 13:11:56,850] TRACE [Controller id=0 epoch=2] Changed state of replica 0 for partition streams-wordcount-KSTREAM-AGGREGATE-STATE-STORE-0000000003-repartition-0 from NewReplica to OnlineReplica (state.change.logger)
[2021-07-13 13:11:56,850] TRACE [Broker id=0] Received LeaderAndIsr request PartitionState(controllerEpoch=2, leader=0, leaderEpoch=0, isr=0, zkVersion=0, replicas=0, isNew=true) correlation id 11 from controller 0 epoch 2 for partition streams-wordcount-KSTREAM-AGGREGATE-STATE-STORE-0000000003-repartition-0 (state.change.logger)
[2021-07-13 13:11:56,851] TRACE [Broker id=0] Handling LeaderAndIsr request correlationId 11 from controller 0 epoch 2 starting the become-leader transition for partition streams-wordcount-KSTREAM-AGGREGATE-STATE-STORE-0000000003-repartition-0 (state.change.logger)
[2021-07-13 13:11:56,857] TRACE [Broker id=0] Stopped fetchers as part of become-leader request from controller 0 epoch 2 with correlation id 11 for partition streams-wordcount-KSTREAM-AGGREGATE-STATE-STORE-0000000003-repartition-0 (last update controller epoch 2) (state.change.logger)
[2021-07-13 13:11:56,857] TRACE [Broker id=0] Completed LeaderAndIsr request correlationId 11 from controller 0 epoch 2 for the become-leader transition for partition streams-wordcount-KSTREAM-AGGREGATE-STATE-STORE-0000000003-repartition-0 (state.change.logger)
[2021-07-13 13:11:56,857] TRACE [Controller id=0 epoch=2] Received response {error_code=0,partitions=[{topic=streams-wordcount-KSTREAM-AGGREGATE-STATE-STORE-0000000003-repartition,partition=0,error_code=0}]} for request LEADER_AND_ISR with correlation id 11 sent to broker 192.168.178.32:9092 (id: 0 rack: null) (state.change.logger)
[2021-07-13 13:11:56,858] TRACE [Broker id=0] Cached leader info PartitionState(controllerEpoch=2, leader=0, leaderEpoch=0, isr=[0], zkVersion=0, replicas=[0], offlineReplicas=[]) for partition streams-wordcount-KSTREAM-AGGREGATE-STATE-STORE-0000000003-repartition-0 in response to UpdateMetadata request sent by controller 0 epoch 2 with correlation id 12 (state.change.logger)
[2021-07-13 13:11:56,865] TRACE [Controller id=0 epoch=2] Received response {error_code=0} for request UPDATE_METADATA with correlation id 12 sent to broker 192.168.178.32:9092 (id: 0 rack: null) (state.change.logger)
[2021-07-13 13:11:56,893] TRACE [Controller id=0 epoch=2] Changed partition streams-wordcount-KSTREAM-AGGREGATE-STATE-STORE-0000000003-changelog-0 state from NonExistentPartition to NewPartition with assigned replicas 0 (state.change.logger)
[2021-07-13 13:11:56,894] TRACE [Controller id=0 epoch=2] Changed state of replica 0 for partition streams-wordcount-KSTREAM-AGGREGATE-STATE-STORE-0000000003-changelog-0 from NonExistentReplica to NewReplica (state.change.logger)
[2021-07-13 13:11:56,913] TRACE [Controller id=0 epoch=2] Changed partition streams-wordcount-KSTREAM-AGGREGATE-STATE-STORE-0000000003-changelog-0 from NewPartition to OnlinePartition with state LeaderAndIsr(leader=0, leaderEpoch=0, isr=List(0), zkVersion=0) (state.change.logger)
[2021-07-13 13:11:56,914] TRACE [Controller id=0 epoch=2] Sending become-leader LeaderAndIsr request PartitionState(controllerEpoch=2, leader=0, leaderEpoch=0, isr=0, zkVersion=0, replicas=0, isNew=true) to broker 0 for partition streams-wordcount-KSTREAM-AGGREGATE-STATE-STORE-0000000003-changelog-0 (state.change.logger)
[2021-07-13 13:11:56,914] TRACE [Controller id=0 epoch=2] Sending UpdateMetadata request PartitionState(controllerEpoch=2, leader=0, leaderEpoch=0, isr=[0], zkVersion=0, replicas=[0], offlineReplicas=[]) to brokers Set(0) for partition streams-wordcount-KSTREAM-AGGREGATE-STATE-STORE-0000000003-changelog-0 (state.change.logger)
[2021-07-13 13:11:56,914] TRACE [Controller id=0 epoch=2] Changed state of replica 0 for partition streams-wordcount-KSTREAM-AGGREGATE-STATE-STORE-0000000003-changelog-0 from NewReplica to OnlineReplica (state.change.logger)
[2021-07-13 13:11:56,914] TRACE [Broker id=0] Received LeaderAndIsr request PartitionState(controllerEpoch=2, leader=0, leaderEpoch=0, isr=0, zkVersion=0, replicas=0, isNew=true) correlation id 13 from controller 0 epoch 2 for partition streams-wordcount-KSTREAM-AGGREGATE-STATE-STORE-0000000003-changelog-0 (state.change.logger)
[2021-07-13 13:11:56,915] TRACE [Broker id=0] Handling LeaderAndIsr request correlationId 13 from controller 0 epoch 2 starting the become-leader transition for partition streams-wordcount-KSTREAM-AGGREGATE-STATE-STORE-0000000003-changelog-0 (state.change.logger)
[2021-07-13 13:11:56,920] TRACE [Broker id=0] Stopped fetchers as part of become-leader request from controller 0 epoch 2 with correlation id 13 for partition streams-wordcount-KSTREAM-AGGREGATE-STATE-STORE-0000000003-changelog-0 (last update controller epoch 2) (state.change.logger)
[2021-07-13 13:11:56,920] TRACE [Broker id=0] Completed LeaderAndIsr request correlationId 13 from controller 0 epoch 2 for the become-leader transition for partition streams-wordcount-KSTREAM-AGGREGATE-STATE-STORE-0000000003-changelog-0 (state.change.logger)
[2021-07-13 13:11:56,920] TRACE [Controller id=0 epoch=2] Received response {error_code=0,partitions=[{topic=streams-wordcount-KSTREAM-AGGREGATE-STATE-STORE-0000000003-changelog,partition=0,error_code=0}]} for request LEADER_AND_ISR with correlation id 13 sent to broker 192.168.178.32:9092 (id: 0 rack: null) (state.change.logger)
[2021-07-13 13:11:56,921] TRACE [Broker id=0] Cached leader info PartitionState(controllerEpoch=2, leader=0, leaderEpoch=0, isr=[0], zkVersion=0, replicas=[0], offlineReplicas=[]) for partition streams-wordcount-KSTREAM-AGGREGATE-STATE-STORE-0000000003-changelog-0 in response to UpdateMetadata request sent by controller 0 epoch 2 with correlation id 14 (state.change.logger)
[2021-07-13 13:11:56,921] TRACE [Controller id=0 epoch=2] Received response {error_code=0} for request UPDATE_METADATA with correlation id 14 sent to broker 192.168.178.32:9092 (id: 0 rack: null) (state.change.logger)
[2021-07-13 13:19:19,636] TRACE [Controller id=0 epoch=2] Changed partition test-0 state from OnlinePartition to OfflinePartition (state.change.logger)
[2021-07-13 13:19:19,642] TRACE [Controller id=0 epoch=2] Changed partition test-0 state from OfflinePartition to NonExistentPartition (state.change.logger)
[2021-07-13 13:19:19,642] TRACE [Controller id=0 epoch=2] Sending UpdateMetadata request PartitionState(controllerEpoch=2, leader=-2, leaderEpoch=0, isr=[0], zkVersion=0, replicas=[0], offlineReplicas=[]) to brokers Set(0) for partition test-0 (state.change.logger)
[2021-07-13 13:19:19,643] TRACE [Broker id=0] Deleted partition test-0 from metadata cache in response to UpdateMetadata request sent by controller 0 epoch 2 with correlation id 15 (state.change.logger)
[2021-07-13 13:19:19,645] TRACE [Controller id=0 epoch=2] Received response {error_code=0} for request UPDATE_METADATA with correlation id 15 sent to broker 192.168.178.32:9092 (id: 0 rack: null) (state.change.logger)
[2021-07-13 13:19:19,657] TRACE [Controller id=0 epoch=2] Changed state of replica 0 for partition test-0 from OnlineReplica to OfflineReplica (state.change.logger)
[2021-07-13 13:19:19,663] TRACE [Controller id=0 epoch=2] Changed state of replica 0 for partition test-0 from OfflineReplica to ReplicaDeletionStarted (state.change.logger)
[2021-07-13 13:19:19,663] TRACE [Controller id=0 epoch=2] Received response {error_code=0,partitions=[]} for request STOP_REPLICA with correlation id 16 sent to broker 192.168.178.32:9092 (id: 0 rack: null) (state.change.logger)
[2021-07-13 13:19:19,664] TRACE [Broker id=0] Handling stop replica (delete=false) for partition test-0 (state.change.logger)
[2021-07-13 13:19:19,664] TRACE [Broker id=0] Finished handling stop replica (delete=false) for partition test-0 (state.change.logger)
[2021-07-13 13:19:19,665] TRACE [Controller id=0 epoch=2] Received response {error_code=0,partitions=[{topic=test,partition=0,error_code=0}]} for request STOP_REPLICA with correlation id 17 sent to broker 192.168.178.32:9092 (id: 0 rack: null) (state.change.logger)
[2021-07-13 13:19:19,665] TRACE [Controller id=0 epoch=2] Received response {error_code=0,partitions=[]} for request STOP_REPLICA with correlation id 18 sent to broker 192.168.178.32:9092 (id: 0 rack: null) (state.change.logger)
[2021-07-13 13:19:19,666] TRACE [Broker id=0] Handling stop replica (delete=true) for partition test-0 (state.change.logger)
[2021-07-13 13:19:19,680] TRACE [Broker id=0] Finished handling stop replica (delete=true) for partition test-0 (state.change.logger)
[2021-07-13 13:19:19,681] TRACE [Controller id=0 epoch=2] Received response {error_code=0,partitions=[{topic=test,partition=0,error_code=0}]} for request STOP_REPLICA with correlation id 19 sent to broker 192.168.178.32:9092 (id: 0 rack: null) (state.change.logger)
[2021-07-13 13:19:19,684] TRACE [Controller id=0 epoch=2] Changed state of replica 0 for partition test-0 from ReplicaDeletionStarted to ReplicaDeletionSuccessful (state.change.logger)
[2021-07-13 13:19:19,686] TRACE [Controller id=0 epoch=2] Changed state of replica 0 for partition test-0 from ReplicaDeletionSuccessful to NonExistentReplica (state.change.logger)
